# JRE version: OpenJDK Runtime Environment Temurin-17.0.6+10 (17.0.6+10) (build 17.0.6+10)
# Java VM: OpenJDK 64-Bit Server VM Temurin-17.0.6+10 (17.0.6+10, mixed mode, emulated-client, tiered, compressed oops, compressed class ptrs, g1 gc, windows-amd64)
GC Precious Log:
 CPUs: 4 total, 4 available
 Memory: 3930M
 Large Page Support: Disabled
 NUMA Support: Disabled
 Compressed Oops: Enabled (32-bit)
 Heap Region Size: 1M
 Heap Min Capacity: 8M
 Heap Initial Capacity: 62M
 Heap Max Capacity: 984M
 Pre-touch: Disabled
 Parallel Workers: 4
 Concurrent Workers: 1
 Concurrent Refinement Workers: 4
 Periodic GC: Disabled
Heap:
 garbage-first heap   total 50176K, used 24319K [0x00000000c2800000, 0x0000000100000000)
  region size 1024K, 2 young (2048K), 2 survivors (2048K)
 Metaspace       used 48127K, committed 48640K, reserved 1097728K
  class space    used 6240K, committed 6464K, reserved 1048576K
GC Heap History (20 events):
Event: 3.666 GC heap after
{Heap after GC invocations=4 (full 0):
 garbage-first heap   total 63488K, used 11040K [0x00000000c2800000, 0x0000000100000000)
  region size 1024K, 3 young (3072K), 3 survivors (3072K)
 Metaspace       used 21275K, committed 21504K, reserved 1073152K
  class space    used 2503K, committed 2624K, reserved 1048576K
}
Event: 4.339 GC heap before
{Heap before GC invocations=5 (full 0):
 garbage-first heap   total 40960K, used 30496K [0x00000000c2800000, 0x0000000100000000)
  region size 1024K, 24 young (24576K), 3 survivors (3072K)
 Metaspace       used 26966K, committed 27328K, reserved 1073152K
  class space    used 3183K, committed 3328K, reserved 1048576K
}
Event: 4.347 GC heap after
{Heap after GC invocations=6 (full 0):
 garbage-first heap   total 40960K, used 12463K [0x00000000c2800000, 0x0000000100000000)
  region size 1024K, 4 young (4096K), 4 survivors (4096K)
 Metaspace       used 26966K, committed 27328K, reserved 1073152K
  class space    used 3183K, committed 3328K, reserved 1048576K
}
Event: 4.602 GC heap before
{Heap before GC invocations=6 (full 0):
 garbage-first heap   total 40960K, used 25775K [0x00000000c2800000, 0x0000000100000000)
  region size 1024K, 18 young (18432K), 4 survivors (4096K)
 Metaspace       used 30077K, committed 30400K, reserved 1081344K
  class space    used 3654K, committed 3776K, reserved 1048576K
}
Event: 4.609 GC heap after
{Heap after GC invocations=7 (full 0):
 garbage-first heap   total 40960K, used 13066K [0x00000000c2800000, 0x0000000100000000)
  region size 1024K, 3 young (3072K), 3 survivors (3072K)
 Metaspace       used 30077K, committed 30400K, reserved 1081344K
  class space    used 3654K, committed 3776K, reserved 1048576K
}
Event: 5.245 GC heap before
{Heap before GC invocations=7 (full 0):
 garbage-first heap   total 40960K, used 27402K [0x00000000c2800000, 0x0000000100000000)
  region size 1024K, 18 young (18432K), 3 survivors (3072K)
 Metaspace       used 32427K, committed 32768K, reserved 1081344K
  class space    used 3928K, committed 4096K, reserved 1048576K
}
Event: 5.254 GC heap after
{Heap after GC invocations=8 (full 0):
 garbage-first heap   total 49152K, used 15483K [0x00000000c2800000, 0x0000000100000000)
  region size 1024K, 3 young (3072K), 3 survivors (3072K)
 Metaspace       used 32427K, committed 32768K, reserved 1081344K
  class space    used 3928K, committed 4096K, reserved 1048576K
}
Event: 5.991 GC heap before
{Heap before GC invocations=8 (full 0):
 garbage-first heap   total 49152K, used 33915K [0x00000000c2800000, 0x0000000100000000)
  region size 1024K, 22 young (22528K), 3 survivors (3072K)
 Metaspace       used 33965K, committed 34304K, reserved 1081344K
  class space    used 4148K, committed 4288K, reserved 1048576K
}
Event: 5.999 GC heap after
{Heap after GC invocations=9 (full 0):
 garbage-first heap   total 49152K, used 17221K [0x00000000c2800000, 0x0000000100000000)
  region size 1024K, 2 young (2048K), 2 survivors (2048K)
 Metaspace       used 33965K, committed 34304K, reserved 1081344K
  class space    used 4148K, committed 4288K, reserved 1048576K
}
Event: 6.631 GC heap before
{Heap before GC invocations=9 (full 0):
 garbage-first heap   total 49152K, used 32581K [0x00000000c2800000, 0x0000000100000000)
  region size 1024K, 19 young (19456K), 2 survivors (2048K)
 Metaspace       used 35607K, committed 35968K, reserved 1081344K
  class space    used 4373K, committed 4544K, reserved 1048576K
}
Event: 6.636 GC heap after
{Heap after GC invocations=10 (full 0):
 garbage-first heap   total 49152K, used 18700K [0x00000000c2800000, 0x0000000100000000)
  region size 1024K, 2 young (2048K), 2 survivors (2048K)
 Metaspace       used 35607K, committed 35968K, reserved 1081344K
  class space    used 4373K, committed 4544K, reserved 1048576K
}
Event: 7.389 GC heap before
{Heap before GC invocations=11 (full 0):
 garbage-first heap   total 49152K, used 37132K [0x00000000c2800000, 0x0000000100000000)
  region size 1024K, 20 young (20480K), 2 survivors (2048K)
 Metaspace       used 37733K, committed 38208K, reserved 1089536K
  class space    used 4720K, committed 4928K, reserved 1048576K
}
Event: 7.394 GC heap after
{Heap after GC invocations=12 (full 0):
 garbage-first heap   total 49152K, used 19823K [0x00000000c2800000, 0x0000000100000000)
  region size 1024K, 3 young (3072K), 3 survivors (3072K)
 Metaspace       used 37733K, committed 38208K, reserved 1089536K
  class space    used 4720K, committed 4928K, reserved 1048576K
}
Event: 7.996 GC heap before
{Heap before GC invocations=12 (full 0):
 garbage-first heap   total 49152K, used 37231K [0x00000000c2800000, 0x0000000100000000)
  region size 1024K, 20 young (20480K), 3 survivors (3072K)
 Metaspace       used 40348K, committed 40768K, reserved 1089536K
  class space    used 5123K, committed 5312K, reserved 1048576K
}
Event: 8.003 GC heap after
{Heap after GC invocations=13 (full 0):
 garbage-first heap   total 49152K, used 21489K [0x00000000c2800000, 0x0000000100000000)
  region size 1024K, 3 young (3072K), 3 survivors (3072K)
 Metaspace       used 40348K, committed 40768K, reserved 1089536K
  class space    used 5123K, committed 5312K, reserved 1048576K
}
Event: 8.536 GC heap before
{Heap before GC invocations=13 (full 0):
 garbage-first heap   total 49152K, used 37873K [0x00000000c2800000, 0x0000000100000000)
  region size 1024K, 19 young (19456K), 3 survivors (3072K)
 Metaspace       used 42136K, committed 42560K, reserved 1089536K
  class space    used 5372K, committed 5568K, reserved 1048576K
}
Event: 8.545 GC heap after
{Heap after GC invocations=14 (full 0):
 garbage-first heap   total 49152K, used 22815K [0x00000000c2800000, 0x0000000100000000)
  region size 1024K, 2 young (2048K), 2 survivors (2048K)
 Metaspace       used 42136K, committed 42560K, reserved 1089536K
  class space    used 5372K, committed 5568K, reserved 1048576K
}
Event: 9.193 GC heap before
{Heap before GC invocations=14 (full 0):
 garbage-first heap   total 49152K, used 38175K [0x00000000c2800000, 0x0000000100000000)
  region size 1024K, 17 young (17408K), 2 survivors (2048K)
 Metaspace       used 43878K, committed 44416K, reserved 1089536K
  class space    used 5627K, committed 5888K, reserved 1048576K
}
Event: 9.200 GC heap after
{Heap after GC invocations=15 (full 0):
 garbage-first heap   total 49152K, used 23404K [0x00000000c2800000, 0x0000000100000000)
  region size 1024K, 2 young (2048K), 2 survivors (2048K)
 Metaspace       used 43878K, committed 44416K, reserved 1089536K
  class space    used 5627K, committed 5888K, reserved 1048576K
}
Event: 9.982 GC heap before
{Heap before GC invocations=15 (full 0):
 garbage-first heap   total 49152K, used 38764K [0x00000000c2800000, 0x0000000100000000)
  region size 1024K, 18 young (18432K), 2 survivors (2048K)
 Metaspace       used 48127K, committed 48640K, reserved 1097728K
  class space    used 6240K, committed 6464K, reserved 1048576K
}

